Found 2370 source files
Indexing 2370 files (full)...
Chunked into 14130 chunks. Embedding in batches of 50...
  50/14130 embedded
  100/14130 embedded
  150/14130 embedded
  200/14130 embedded
  250/14130 embedded
  300/14130 embedded
  350/14130 embedded
  400/14130 embedded
  450/14130 embedded
  500/14130 embedded
  550/14130 embedded
  600/14130 embedded
  650/14130 embedded
  700/14130 embedded
  750/14130 embedded
  800/14130 embedded
  850/14130 embedded
  900/14130 embedded
  950/14130 embedded
  1000/14130 embedded
  1050/14130 embedded
  1100/14130 embedded
  1150/14130 embedded
  1200/14130 embedded
  1250/14130 embedded
  1300/14130 embedded
  1350/14130 embedded
  1400/14130 embedded
  1450/14130 embedded
  1500/14130 embedded
  1550/14130 embedded
  1600/14130 embedded
  1650/14130 embedded
  1700/14130 embedded
  1750/14130 embedded
  1800/14130 embedded
  1850/14130 embedded
  1900/14130 embedded
  1950/14130 embedded
  2000/14130 embedded
  2050/14130 embedded
  2100/14130 embedded
  2150/14130 embedded
  2200/14130 embedded
  2250/14130 embedded
  2300/14130 embedded
  2350/14130 embedded
  2400/14130 embedded
  2450/14130 embedded
  2500/14130 embedded
  2550/14130 embedded
  2600/14130 embedded
  2650/14130 embedded
  2700/14130 embedded
  2750/14130 embedded
  2800/14130 embedded
  2850/14130 embedded
  2900/14130 embedded
  2950/14130 embedded
  3000/14130 embedded
  3050/14130 embedded
  3100/14130 embedded
  3150/14130 embedded
  3200/14130 embedded
  3250/14130 embedded
  3300/14130 embedded
  3350/14130 embedded
  3400/14130 embedded
  3450/14130 embedded
  3500/14130 embedded
  3550/14130 embedded
  3600/14130 embedded
  3650/14130 embedded
  3700/14130 embedded
  3750/14130 embedded
  3800/14130 embedded
  3850/14130 embedded
  3900/14130 embedded
  3950/14130 embedded
  4000/14130 embedded
  4050/14130 embedded
  4100/14130 embedded
  4150/14130 embedded
  4200/14130 embedded
  4250/14130 embedded
  4300/14130 embedded
  4350/14130 embedded
  4400/14130 embedded
  4450/14130 embedded
  4500/14130 embedded
  4550/14130 embedded
  4600/14130 embedded
  4650/14130 embedded
  4700/14130 embedded
  4750/14130 embedded
  4800/14130 embedded
  4850/14130 embedded
  4900/14130 embedded
  4950/14130 embedded
  5000/14130 embedded
  5050/14130 embedded
  5100/14130 embedded
  5150/14130 embedded
  5200/14130 embedded
  5250/14130 embedded
  5300/14130 embedded
  5350/14130 embedded
  5400/14130 embedded
  5450/14130 embedded
  5500/14130 embedded
  5550/14130 embedded
  5600/14130 embedded
  5650/14130 embedded
  5700/14130 embedded
  5750/14130 embedded
  5800/14130 embedded
  5850/14130 embedded
  5900/14130 embedded
  5950/14130 embedded
  6000/14130 embedded
  6050/14130 embedded
  6100/14130 embedded
  6150/14130 embedded
  6200/14130 embedded
  6250/14130 embedded
  6300/14130 embedded
  6350/14130 embedded
  6400/14130 embedded
  6450/14130 embedded
  6500/14130 embedded
  6550/14130 embedded
  6600/14130 embedded
  6650/14130 embedded
  6700/14130 embedded
  6750/14130 embedded
  6800/14130 embedded
  6850/14130 embedded
  6900/14130 embedded
  6950/14130 embedded
  7000/14130 embedded
  7050/14130 embedded
  7100/14130 embedded
  7150/14130 embedded
  7200/14130 embedded
  7250/14130 embedded
  7300/14130 embedded
  7350/14130 embedded
  7400/14130 embedded
  7450/14130 embedded
  7500/14130 embedded
  7550/14130 embedded
  7600/14130 embedded
  7650/14130 embedded
  7700/14130 embedded
  7750/14130 embedded
  7800/14130 embedded
  7850/14130 embedded
  7900/14130 embedded
  7950/14130 embedded
  8000/14130 embedded
  8050/14130 embedded
  8100/14130 embedded
  8150/14130 embedded
  8200/14130 embedded
  8250/14130 embedded
  8300/14130 embedded
  8350/14130 embedded
  8400/14130 embedded
  8450/14130 embedded
  8500/14130 embedded
  8550/14130 embedded
  8600/14130 embedded
  8650/14130 embedded
  8700/14130 embedded
  8750/14130 embedded
  8800/14130 embedded
  8850/14130 embedded
  8900/14130 embedded
  8950/14130 embedded
  9000/14130 embedded
  9050/14130 embedded
  9100/14130 embedded
  9150/14130 embedded
  9200/14130 embedded
  9250/14130 embedded
  9300/14130 embedded
  9350/14130 embedded
  9400/14130 embedded
  9450/14130 embedded
  9500/14130 embedded
  9550/14130 embedded
  9600/14130 embedded
  9650/14130 embedded
  9700/14130 embedded
  9750/14130 embedded
  9800/14130 embedded
  9850/14130 embedded
  9900/14130 embedded
  9950/14130 embedded
  10000/14130 embedded
  10050/14130 embedded
  10100/14130 embedded
  10150/14130 embedded
  10200/14130 embedded
  10250/14130 embedded
  10300/14130 embedded
  10350/14130 embedded
  10400/14130 embedded
  10450/14130 embedded
  10500/14130 embedded
  10550/14130 embedded
  10600/14130 embedded
  10650/14130 embedded
  10700/14130 embedded
  10750/14130 embedded
  10800/14130 embedded
  10850/14130 embedded
  10900/14130 embedded
  10950/14130 embedded
  11000/14130 embedded
  11050/14130 embedded
  11100/14130 embedded
  11150/14130 embedded
  11200/14130 embedded
  11250/14130 embedded
  11300/14130 embedded
  11350/14130 embedded
  11400/14130 embedded
  11450/14130 embedded
  11500/14130 embedded
  11550/14130 embedded
  11600/14130 embedded
  11650/14130 embedded
  11700/14130 embedded
  11750/14130 embedded
  11800/14130 embedded
  11850/14130 embedded
  11900/14130 embedded
  11950/14130 embedded
  12000/14130 embedded
  12050/14130 embedded
  12100/14130 embedded
  12150/14130 embedded
  12200/14130 embedded
  12250/14130 embedded
  12300/14130 embedded
  12350/14130 embedded
  12400/14130 embedded
  12450/14130 embedded
  12500/14130 embedded
  12550/14130 embedded
  12600/14130 embedded
  12650/14130 embedded
  12700/14130 embedded
  12750/14130 embedded
  12800/14130 embedded
  12850/14130 embedded
  12900/14130 embedded
  12950/14130 embedded
  13000/14130 embedded
  13050/14130 embedded
  13100/14130 embedded
  13150/14130 embedded
  13200/14130 embedded
  13250/14130 embedded
  13300/14130 embedded
  13350/14130 embedded
  13400/14130 embedded
  13450/14130 embedded
  13500/14130 embedded
  13550/14130 embedded
  13600/14130 embedded
  13650/14130 embedded
  13700/14130 embedded
  13750/14130 embedded
  13800/14130 embedded
  13850/14130 embedded
  13900/14130 embedded
  13950/14130 embedded
  14000/14130 embedded
  14050/14130 embedded
  14100/14130 embedded
  14130/14130 embedded
Done. Indexed 2370 files, 14130 chunks, 0 embeddings.
Total index: 2351 files, 14130 chunks
DB size: 59.4MB
